<?xml version="1.0" encoding="UTF-8"?>
<testng-results ignored="0" total="1" passed="0" failed="1" skipped="0">
  <reporter-output>
  </reporter-output>
  <suite started-at="2019-12-20T14:10:31 CST" name="HomePage" finished-at="2019-12-20T14:10:46 CST" duration-ms="14822">
    <groups>
    </groups>
    <test started-at="2019-12-20T14:10:31 CST" name="All Tests" finished-at="2019-12-20T14:10:46 CST" duration-ms="14822">
      <class name="com.mercuryTravel.test.HomePageTests">
        <test-method is-config="true" signature="preSetup()[pri:0, instance:com.mercuryTravel.test.HomePageTests@14d3bc22]" started-at="2019-12-20T14:10:31 CST" name="preSetup" finished-at="2019-12-20T14:10:31 CST" duration-ms="158" status="PASS">
          <reporter-output>
          </reporter-output>
        </test-method> <!-- preSetup -->
        <test-method is-config="true" signature="setup()[pri:0, instance:com.mercuryTravel.test.HomePageTests@14d3bc22]" started-at="2019-12-20T14:10:31 CST" name="setup" finished-at="2019-12-20T14:10:40 CST" duration-ms="9437" status="PASS">
          <reporter-output>
          </reporter-output>
        </test-method> <!-- setup -->
        <test-method signature="verifyLoginToMercuryTravelAsUserWithCorrectCredentials()[pri:0, instance:com.mercuryTravel.test.HomePageTests@14d3bc22]" started-at="2019-12-20T14:10:40 CST" name="verifyLoginToMercuryTravelAsUserWithCorrectCredentials" finished-at="2019-12-20T14:10:43 CST" duration-ms="2985" status="FAIL">
          <exception class="java.lang.AssertionError">
            <message>
              <![CDATA[expected [Welcome, Manoj 1] but found [Welcome, Manoj]]]>
            </message>
            <full-stacktrace>
              <![CDATA[java.lang.AssertionError: expected [Welcome, Manoj 1] but found [Welcome, Manoj]
at org.testng.Assert.fail(Assert.java:97)
at org.testng.Assert.assertEqualsImpl(Assert.java:136)
at org.testng.Assert.assertEquals(Assert.java:118)
at org.testng.Assert.assertEquals(Assert.java:575)
at org.testng.Assert.assertEquals(Assert.java:585)
at com.mercuryTravel.test.HomePageTests.verifyLoginToMercuryTravelAsUserWithCorrectCredentials(HomePageTests.java:25)
at java.base/jdk.internal.reflect.NativeMethodAccessorImpl.invoke0(Native Method)
at java.base/jdk.internal.reflect.NativeMethodAccessorImpl.invoke(NativeMethodAccessorImpl.java:62)
at java.base/jdk.internal.reflect.DelegatingMethodAccessorImpl.invoke(DelegatingMethodAccessorImpl.java:43)
at java.base/java.lang.reflect.Method.invoke(Method.java:567)
at org.testng.internal.MethodInvocationHelper.invokeMethod(MethodInvocationHelper.java:133)
at org.testng.internal.TestInvoker.invokeMethod(TestInvoker.java:584)
at org.testng.internal.TestInvoker.invokeTestMethod(TestInvoker.java:172)
at org.testng.internal.MethodRunner.runInSequence(MethodRunner.java:46)
at org.testng.internal.TestInvoker$MethodInvocationAgent.invoke(TestInvoker.java:804)
at org.testng.internal.TestInvoker.invokeTestMethods(TestInvoker.java:145)
at org.testng.internal.TestMethodWorker.invokeTestMethods(TestMethodWorker.java:146)
at org.testng.internal.TestMethodWorker.run(TestMethodWorker.java:128)
at java.base/java.util.ArrayList.forEach(ArrayList.java:1540)
at org.testng.TestRunner.privateRun(TestRunner.java:770)
at org.testng.TestRunner.run(TestRunner.java:591)
at org.testng.SuiteRunner.runTest(SuiteRunner.java:402)
at org.testng.SuiteRunner.runSequentially(SuiteRunner.java:396)
at org.testng.SuiteRunner.privateRun(SuiteRunner.java:355)
at org.testng.SuiteRunner.run(SuiteRunner.java:304)
at org.testng.SuiteRunnerWorker.runSuite(SuiteRunnerWorker.java:53)
at org.testng.SuiteRunnerWorker.run(SuiteRunnerWorker.java:96)
at org.testng.TestNG.runSuitesSequentially(TestNG.java:1180)
at org.testng.TestNG.runSuitesLocally(TestNG.java:1102)
at org.testng.TestNG.runSuites(TestNG.java:1032)
at org.testng.TestNG.run(TestNG.java:1000)
at org.testng.remote.AbstractRemoteTestNG.run(AbstractRemoteTestNG.java:115)
at org.testng.remote.RemoteTestNG.initAndRun(RemoteTestNG.java:251)
at org.testng.remote.RemoteTestNG.main(RemoteTestNG.java:77)
]]>
            </full-stacktrace>
          </exception> <!-- java.lang.AssertionError -->
          <reporter-output>
          </reporter-output>
        </test-method> <!-- verifyLoginToMercuryTravelAsUserWithCorrectCredentials -->
        <test-method is-config="true" signature="afterMehtod(org.testng.ITestResult)[pri:0, instance:com.mercuryTravel.test.HomePageTests@14d3bc22]" started-at="2019-12-20T14:10:43 CST" name="afterMehtod" finished-at="2019-12-20T14:10:45 CST" duration-ms="1282" status="PASS">
          <params>
            <param index="0">
              <value>
                <![CDATA[[TestResult name=verifyLoginToMercuryTravelAsUserWithCorrectCredentials status=FAILURE method=HomePageTests.verifyLoginToMercuryTravelAsUserWithCorrectCredentials()[pri:0, instance:com.mercuryTravel.test.HomePageTests@14d3bc22] output={null}]]]>
              </value>
            </param>
          </params>
          <reporter-output>
          </reporter-output>
        </test-method> <!-- afterMehtod -->
        <test-method is-config="true" signature="cleanup()[pri:0, instance:com.mercuryTravel.test.HomePageTests@14d3bc22]" started-at="2019-12-20T14:10:45 CST" name="cleanup" finished-at="2019-12-20T14:10:46 CST" duration-ms="1092" status="PASS">
          <reporter-output>
          </reporter-output>
        </test-method> <!-- cleanup -->
        <test-method is-config="true" signature="postCleanup()[pri:0, instance:com.mercuryTravel.test.HomePageTests@14d3bc22]" started-at="2019-12-20T14:10:46 CST" name="postCleanup" finished-at="2019-12-20T14:10:46 CST" duration-ms="303" status="PASS">
          <reporter-output>
          </reporter-output>
        </test-method> <!-- postCleanup -->
      </class> <!-- com.mercuryTravel.test.HomePageTests -->
    </test> <!-- All Tests -->
  </suite> <!-- HomePage -->
</testng-results>
